C:\USERS\USER\DOCUMENTS\VISUAL STUDIO 2012\PROJECTS\GAMESDLCPPDEMO\GAMESDLCPPDEMO\DEBUG\VC110.PDB
C:\USERS\USER\DOCUMENTS\VISUAL STUDIO 2012\PROJECTS\GAMESDLCPPDEMO\GAMESDLCPPDEMO\DEBUG\MAIN.OBJ
C:\USERS\USER\DOCUMENTS\VISUAL STUDIO 2012\PROJECTS\GAMESDLCPPDEMO\DEBUG\GAMESDLCPPDEMO.ILK
C:\USERS\USER\DOCUMENTS\VISUAL STUDIO 2012\PROJECTS\GAMESDLCPPDEMO\DEBUG\GAMESDLCPPDEMO.EXE
C:\USERS\USER\DOCUMENTS\VISUAL STUDIO 2012\PROJECTS\GAMESDLCPPDEMO\DEBUG\GAMESDLCPPDEMO.PDB
C:\Users\USER\Documents\Visual Studio 2012\Projects\GameSDLCppDemo\GameSDLCppDemo\Debug\main.obj
C:\Users\USER\Documents\Visual Studio 2012\Projects\GameSDLCppDemo\GameSDLCppDemo\Debug\cl.command.1.tlog
C:\Users\USER\Documents\Visual Studio 2012\Projects\GameSDLCppDemo\GameSDLCppDemo\Debug\CL.read.1.tlog
C:\Users\USER\Documents\Visual Studio 2012\Projects\GameSDLCppDemo\GameSDLCppDemo\Debug\CL.write.1.tlog
C:\Users\USER\Documents\Visual Studio 2012\Projects\GameSDLCppDemo\GameSDLCppDemo\Debug\link-cvtres.read.1.tlog
C:\Users\USER\Documents\Visual Studio 2012\Projects\GameSDLCppDemo\GameSDLCppDemo\Debug\link-cvtres.write.1.tlog
C:\Users\USER\Documents\Visual Studio 2012\Projects\GameSDLCppDemo\GameSDLCppDemo\Debug\link-rc.read.1.tlog
C:\Users\USER\Documents\Visual Studio 2012\Projects\GameSDLCppDemo\GameSDLCppDemo\Debug\link-rc.write.1.tlog
C:\Users\USER\Documents\Visual Studio 2012\Projects\GameSDLCppDemo\GameSDLCppDemo\Debug\link.3740-cvtres.read.1.tlog
C:\Users\USER\Documents\Visual Studio 2012\Projects\GameSDLCppDemo\GameSDLCppDemo\Debug\link.3740-cvtres.write.1.tlog
C:\Users\USER\Documents\Visual Studio 2012\Projects\GameSDLCppDemo\GameSDLCppDemo\Debug\link.3740-rc.read.1.tlog
C:\Users\USER\Documents\Visual Studio 2012\Projects\GameSDLCppDemo\GameSDLCppDemo\Debug\link.3740-rc.write.1.tlog
C:\Users\USER\Documents\Visual Studio 2012\Projects\GameSDLCppDemo\GameSDLCppDemo\Debug\link.3740.read.1.tlog
C:\Users\USER\Documents\Visual Studio 2012\Projects\GameSDLCppDemo\GameSDLCppDemo\Debug\link.3740.write.1.tlog
C:\Users\USER\Documents\Visual Studio 2012\Projects\GameSDLCppDemo\GameSDLCppDemo\Debug\link.command.1.tlog
C:\Users\USER\Documents\Visual Studio 2012\Projects\GameSDLCppDemo\GameSDLCppDemo\Debug\link.read.1.tlog
C:\Users\USER\Documents\Visual Studio 2012\Projects\GameSDLCppDemo\GameSDLCppDemo\Debug\link.write.1.tlog
C:\Users\USER\Documents\Visual Studio 2012\Projects\GameSDLCppDemo\GameSDLCppDemo\Debug\vc110.idb
C:\Users\USER\Documents\Visual Studio 2012\Projects\GameSDLCppDemo\GameSDLCppDemo\Debug\vc110.pdb
C:\Users\USER\Documents\Visual Studio 2012\Projects\GameSDLCppDemo\Debug\GameSDLCppDemo.pdb
C:\Users\USER\Documents\Visual Studio 2012\Projects\GameSDLCppDemo\Debug\GameSDLCppDemo.exe
C:\Users\USER\Documents\Visual Studio 2012\Projects\GameSDLCppDemo\Debug\GameSDLCppDemo.ilk
